07:42:46.978 [main] DEBUG - Parsing relationship: /_rels/.rels
07:42:47.000 [main] DEBUG - using default POIXMLDocumentPart for http://schemas.openxmlformats.org/officeDocument/2006/relationships/printerSettings
07:43:02.204 [main] INFO  - Goto my account-->Click on Login.. 
07:43:02.768 [main] DEBUG - Parsing relationship: /xl/_rels/workbook.xml.rels
07:43:02.771 [main] DEBUG - Parsing relationship: /xl/worksheets/_rels/sheet1.xml.rels
07:43:02.772 [main] DEBUG - Parsing relationship: /_rels/.rels
07:43:02.783 [main] DEBUG - using default POIXMLDocumentPart for http://schemas.openxmlformats.org/officeDocument/2006/relationships/printerSettings
07:43:18.446 [main] INFO  - Goto my account-->Click on Login.. 
07:43:19.010 [main] DEBUG - Parsing relationship: /xl/_rels/workbook.xml.rels
07:43:19.012 [main] DEBUG - Parsing relationship: /xl/worksheets/_rels/sheet1.xml.rels
07:43:19.013 [main] DEBUG - Parsing relationship: /_rels/.rels
07:43:19.027 [main] DEBUG - using default POIXMLDocumentPart for http://schemas.openxmlformats.org/officeDocument/2006/relationships/printerSettings
07:50:24.166 [main] INFO  - Goto my account-->Click on Login.. 
07:50:24.723 [main] INFO  - Entering email and password.. 
07:50:25.689 [main] INFO  - clicked on login button...
07:52:42.486 [main] INFO  - Goto my account-->Click on Login.. 
07:52:42.985 [main] INFO  - Entering email and password.. 
07:52:43.714 [main] INFO  - clicked on login button...
07:55:08.684 [main] INFO  - Goto my account-->Click on Login.. 
07:55:09.306 [main] INFO  - Entering email and password.. 
07:55:10.334 [main] INFO  - clicked on login button...
07:58:17.907 [main] INFO  - Goto my account-->Click on Login.. 
07:58:18.457 [main] INFO  - Entering email and password.. 
07:58:19.518 [main] INFO  - clicked on login button...
07:58:53.684 [main] INFO  - Goto my account-->Click on Login.. 
07:58:54.303 [main] INFO  - Entering email and password.. 
07:58:55.417 [main] INFO  - clicked on login button...
08:02:13.596 [main] INFO  - Goto my account-->Click on Login.. 
08:02:14.126 [main] INFO  - Entering email and password.. 
08:02:15.149 [main] INFO  - clicked on login button...
08:04:47.286 [main] INFO  - Goto my account-->Click on Login.. 
08:04:47.822 [main] INFO  - Entering email and password.. 
08:04:48.799 [main] INFO  - clicked on login button...
18:37:25.063 [main] INFO  - Goto my account-->Click on Login.. 
17:25:27.877 [main] INFO  - Goto my account-->Click on Login.. 
17:25:42.025 [main] INFO  - Goto my account-->Click on Login.. 
21:52:25.273 [main] INFO  - Goto my account-->Click on Login.. 
21:53:13.105 [main] INFO  - Goto my account-->Click on Login.. 
21:57:11.392 [main] INFO  - Goto my account-->Click on Login.. 
21:57:12.262 [main] INFO  - Entering email and password.. 
21:57:14.133 [main] INFO  - clicked on login button...
21:59:26.196 [main] INFO  - Goto my account-->Click on Login.. 
21:59:26.720 [main] INFO  - Entering email and password.. 
21:59:27.920 [main] INFO  - clicked on login button...
22:00:56.929 [main] INFO  - Goto my account-->Click on Login.. 
22:00:57.624 [main] INFO  - Entering email and password.. 
22:00:59.149 [main] INFO  - clicked on login button...
22:01:28.786 [main] INFO  - Goto my account-->Click on Login.. 
22:01:29.324 [main] INFO  - Entering email and password.. 
22:01:30.962 [main] INFO  - clicked on login button...
22:03:35.918 [main] INFO  - Goto my account-->Click on Login.. 
22:03:36.465 [main] INFO  - Entering email and password.. 
22:03:37.134 [main] INFO  - clicked on login button...
22:03:51.475 [main] INFO  - Goto my account-->Click on Login.. 
22:03:51.982 [main] INFO  - Entering email and password.. 
22:03:53.236 [main] INFO  - clicked on login button...
09:59:00.930 [main] INFO  - Goto my account-->Click on Login.. 
09:59:01.431 [main] INFO  - Entering email and password.. 
09:59:02.154 [main] INFO  - clicked on login button...
09:59:17.022 [main] INFO  - Goto my account-->Click on Login.. 
09:59:17.497 [main] INFO  - Entering email and password.. 
09:59:18.731 [main] INFO  - clicked on login button...
09:59:38.435 [main] INFO  - Goto my account-->Click on Login.. 
09:59:39.108 [main] DEBUG - Parsing relationship: /xl/_rels/workbook.xml.rels
09:59:39.110 [main] DEBUG - Parsing relationship: /xl/worksheets/_rels/sheet1.xml.rels
09:59:39.112 [main] DEBUG - Parsing relationship: /_rels/.rels
09:59:39.321 [main] TRACE - Loading type system org.apache.poi.schemas.ooxml.system.ooxml
09:59:39.323 [main] TRACE - Loading type system org.apache.xmlbeans.metadata.system.sXMLCONFIG
09:59:39.324 [main] TRACE - Loading type system org.apache.xmlbeans.metadata.system.sXMLLANG
09:59:39.324 [main] TRACE - Loading type system org.apache.xmlbeans.metadata.system.sXMLSCHEMA
09:59:39.324 [main] TRACE - Loading type system org.apache.xmlbeans.metadata.system.sXMLTOOLS
09:59:39.326 [main] TRACE - Reading unresolved handles for type system org.apache.xmlbeans.metadata.system.sXMLTOOLS
09:59:39.338 [main] TRACE - Finished loading type system org.apache.xmlbeans.metadata.system.sXMLTOOLS
09:59:39.338 [main] TRACE - Reading unresolved handles for type system org.apache.xmlbeans.metadata.system.sXMLSCHEMA
09:59:39.342 [main] TRACE - Finished loading type system org.apache.xmlbeans.metadata.system.sXMLSCHEMA
09:59:39.343 [main] TRACE - Reading unresolved handles for type system org.apache.xmlbeans.metadata.system.sXMLLANG
09:59:39.344 [main] TRACE - Finished loading type system org.apache.xmlbeans.metadata.system.sXMLLANG
09:59:39.344 [main] TRACE - Reading unresolved handles for type system org.apache.xmlbeans.metadata.system.sXMLCONFIG
09:59:39.346 [main] TRACE - Finished loading type system org.apache.xmlbeans.metadata.system.sXMLCONFIG
09:59:39.347 [main] TRACE - Reading unresolved handles for type system org.apache.poi.schemas.ooxml.system.ooxml
09:59:39.400 [main] TRACE - Finished loading type system org.apache.poi.schemas.ooxml.system.ooxml
09:59:39.401 [main] TRACE - Resolving type for handle themefd26doctype
09:59:39.507 [main] TRACE - Resolving type for handle stylesheet5d8bdoctype
09:59:39.513 [main] TRACE - Resolving type for handle ctstylesheet4257type
09:59:39.519 [main] TRACE - Resolving type for handle ctfonts6623type
09:59:39.524 [main] TRACE - Resolving type for handle ctfont14d8type
09:59:39.532 [main] TRACE - Resolving type for handle ctfills2c6ftype
09:59:39.534 [main] TRACE - Resolving type for handle ctfill550ctype
09:59:39.536 [main] TRACE - Resolving type for handle ctborders0d66type
09:59:39.539 [main] TRACE - Resolving type for handle ctborderf935type
09:59:39.542 [main] TRACE - Resolving type for handle ctcellxfs1322type
09:59:39.544 [main] TRACE - Resolving type for handle ctxf97f7type
09:59:39.548 [main] TRACE - Resolving type for handle ctcellstylexfsa81ftype
09:59:39.550 [main] TRACE - Resolving type for handle ctdxfsb26atype
09:59:39.553 [main] TRACE - Resolving type for handle cttablestyles872ftype
09:59:39.557 [main] TRACE - Resolving type for handle sstf81fdoctype
09:59:39.561 [main] TRACE - Resolving type for handle ctsst44f3type
09:59:39.572 [main] TRACE - Resolving type for handle ctrsta472type
09:59:39.589 [main] DEBUG - using default POIXMLDocumentPart for http://schemas.openxmlformats.org/officeDocument/2006/relationships/printerSettings
09:59:39.591 [main] TRACE - Resolving type for handle workbookec17doctype
09:59:39.598 [main] TRACE - Resolving type for handle ctworkbook83c3type
09:59:39.604 [main] TRACE - Resolving type for handle ctsheets49fdtype
09:59:39.607 [main] TRACE - Resolving type for handle ctsheet4dbetype
09:59:39.610 [main] TRACE - Resolving type for handle strelationshipid1e94type
09:59:39.614 [main] TRACE - Resolving type for handle worksheetf539doctype
09:59:39.622 [main] TRACE - Resolving type for handle ctworksheet530dtype
09:59:39.633 [main] TRACE - Resolving type for handle ctsheetdata8408type
09:59:39.636 [main] TRACE - Resolving type for handle ctrowdd39type
09:59:39.641 [main] TRACE - Resolving type for handle ctcell842btype
09:59:39.648 [main] TRACE - Resolving type for handle stcellrefe4e0type
09:59:39.658 [main] TRACE - Resolving type for handle ctcols627ctype
09:59:39.662 [main] TRACE - Resolving type for handle ctcola95ftype
09:59:39.682 [main] TRACE - Resolving type for handle cthyperlinks6416type
09:59:39.684 [main] TRACE - Resolving type for handle cthyperlink0c85type
09:59:39.698 [main] TRACE - Resolving type for handle stxstringf179type
09:59:39.701 [main] TRACE - Resolving type for handle stcelltypebf95type
09:59:45.445 [main] INFO  - Goto my account-->Click on Login.. 
09:59:45.917 [main] DEBUG - Parsing relationship: /xl/_rels/workbook.xml.rels
09:59:45.919 [main] DEBUG - Parsing relationship: /xl/worksheets/_rels/sheet1.xml.rels
09:59:45.920 [main] DEBUG - Parsing relationship: /_rels/.rels
09:59:45.937 [main] DEBUG - using default POIXMLDocumentPart for http://schemas.openxmlformats.org/officeDocument/2006/relationships/printerSettings
10:00:01.019 [main] INFO  - Goto my account-->Click on Login.. 
10:00:01.469 [main] DEBUG - Parsing relationship: /xl/_rels/workbook.xml.rels
10:00:01.469 [main] DEBUG - Parsing relationship: /xl/worksheets/_rels/sheet1.xml.rels
10:00:01.470 [main] DEBUG - Parsing relationship: /_rels/.rels
10:00:01.481 [main] DEBUG - using default POIXMLDocumentPart for http://schemas.openxmlformats.org/officeDocument/2006/relationships/printerSettings
10:00:15.881 [main] INFO  - Goto my account-->Click on Login.. 
10:00:16.366 [main] DEBUG - Parsing relationship: /xl/_rels/workbook.xml.rels
10:00:16.367 [main] DEBUG - Parsing relationship: /xl/worksheets/_rels/sheet1.xml.rels
10:00:16.368 [main] DEBUG - Parsing relationship: /_rels/.rels
10:00:16.380 [main] DEBUG - using default POIXMLDocumentPart for http://schemas.openxmlformats.org/officeDocument/2006/relationships/printerSettings
10:00:30.937 [main] INFO  - Goto my account-->Click on Login.. 
10:00:31.407 [main] DEBUG - Parsing relationship: /xl/_rels/workbook.xml.rels
10:00:31.409 [main] DEBUG - Parsing relationship: /xl/worksheets/_rels/sheet1.xml.rels
10:00:31.409 [main] DEBUG - Parsing relationship: /_rels/.rels
10:00:31.419 [main] DEBUG - using default POIXMLDocumentPart for http://schemas.openxmlformats.org/officeDocument/2006/relationships/printerSettings
10:11:46.247 [main] INFO  - Goto my account-->Click on Login.. 
10:11:46.880 [main] DEBUG - Parsing relationship: /xl/_rels/workbook.xml.rels
10:11:46.882 [main] DEBUG - Parsing relationship: /xl/worksheets/_rels/sheet1.xml.rels
10:11:46.884 [main] DEBUG - Parsing relationship: /_rels/.rels
10:11:47.070 [main] TRACE - Loading type system org.apache.poi.schemas.ooxml.system.ooxml
10:11:47.072 [main] TRACE - Loading type system org.apache.xmlbeans.metadata.system.sXMLCONFIG
10:11:47.072 [main] TRACE - Loading type system org.apache.xmlbeans.metadata.system.sXMLLANG
10:11:47.073 [main] TRACE - Loading type system org.apache.xmlbeans.metadata.system.sXMLSCHEMA
10:11:47.073 [main] TRACE - Loading type system org.apache.xmlbeans.metadata.system.sXMLTOOLS
10:11:47.074 [main] TRACE - Reading unresolved handles for type system org.apache.xmlbeans.metadata.system.sXMLTOOLS
10:11:47.084 [main] TRACE - Finished loading type system org.apache.xmlbeans.metadata.system.sXMLTOOLS
10:11:47.085 [main] TRACE - Reading unresolved handles for type system org.apache.xmlbeans.metadata.system.sXMLSCHEMA
10:11:47.089 [main] TRACE - Finished loading type system org.apache.xmlbeans.metadata.system.sXMLSCHEMA
10:11:47.090 [main] TRACE - Reading unresolved handles for type system org.apache.xmlbeans.metadata.system.sXMLLANG
10:11:47.090 [main] TRACE - Finished loading type system org.apache.xmlbeans.metadata.system.sXMLLANG
10:11:47.090 [main] TRACE - Reading unresolved handles for type system org.apache.xmlbeans.metadata.system.sXMLCONFIG
10:11:47.091 [main] TRACE - Finished loading type system org.apache.xmlbeans.metadata.system.sXMLCONFIG
10:11:47.092 [main] TRACE - Reading unresolved handles for type system org.apache.poi.schemas.ooxml.system.ooxml
10:11:47.137 [main] TRACE - Finished loading type system org.apache.poi.schemas.ooxml.system.ooxml
10:11:47.138 [main] TRACE - Resolving type for handle themefd26doctype
10:11:47.196 [main] TRACE - Resolving type for handle stylesheet5d8bdoctype
10:11:47.199 [main] TRACE - Resolving type for handle ctstylesheet4257type
10:11:47.207 [main] TRACE - Resolving type for handle ctfonts6623type
10:11:47.211 [main] TRACE - Resolving type for handle ctfont14d8type
10:11:47.215 [main] TRACE - Resolving type for handle ctfills2c6ftype
10:11:47.217 [main] TRACE - Resolving type for handle ctfill550ctype
10:11:47.218 [main] TRACE - Resolving type for handle ctborders0d66type
10:11:47.222 [main] TRACE - Resolving type for handle ctborderf935type
10:11:47.224 [main] TRACE - Resolving type for handle ctcellxfs1322type
10:11:47.227 [main] TRACE - Resolving type for handle ctxf97f7type
10:11:47.229 [main] TRACE - Resolving type for handle ctcellstylexfsa81ftype
10:11:47.230 [main] TRACE - Resolving type for handle ctdxfsb26atype
10:11:47.233 [main] TRACE - Resolving type for handle cttablestyles872ftype
10:11:47.235 [main] TRACE - Resolving type for handle sstf81fdoctype
10:11:47.239 [main] TRACE - Resolving type for handle ctsst44f3type
10:11:47.246 [main] TRACE - Resolving type for handle ctrsta472type
10:11:47.259 [main] DEBUG - using default POIXMLDocumentPart for http://schemas.openxmlformats.org/officeDocument/2006/relationships/printerSettings
10:11:47.260 [main] TRACE - Resolving type for handle workbookec17doctype
10:11:47.265 [main] TRACE - Resolving type for handle ctworkbook83c3type
10:11:47.270 [main] TRACE - Resolving type for handle ctsheets49fdtype
10:11:47.273 [main] TRACE - Resolving type for handle ctsheet4dbetype
10:11:47.275 [main] TRACE - Resolving type for handle strelationshipid1e94type
10:11:47.277 [main] TRACE - Resolving type for handle worksheetf539doctype
10:11:47.280 [main] TRACE - Resolving type for handle ctworksheet530dtype
10:11:47.286 [main] TRACE - Resolving type for handle ctsheetdata8408type
10:11:47.289 [main] TRACE - Resolving type for handle ctrowdd39type
10:11:47.294 [main] TRACE - Resolving type for handle ctcell842btype
10:11:47.298 [main] TRACE - Resolving type for handle stcellrefe4e0type
10:11:47.305 [main] TRACE - Resolving type for handle ctcols627ctype
10:11:47.310 [main] TRACE - Resolving type for handle ctcola95ftype
10:11:47.322 [main] TRACE - Resolving type for handle cthyperlinks6416type
10:11:47.325 [main] TRACE - Resolving type for handle cthyperlink0c85type
10:11:47.330 [main] TRACE - Resolving type for handle stxstringf179type
10:11:47.333 [main] TRACE - Resolving type for handle stcelltypebf95type
10:11:53.143 [main] INFO  - Goto my account-->Click on Login.. 
10:11:53.611 [main] DEBUG - Parsing relationship: /xl/_rels/workbook.xml.rels
10:11:53.612 [main] DEBUG - Parsing relationship: /xl/worksheets/_rels/sheet1.xml.rels
10:11:53.613 [main] DEBUG - Parsing relationship: /_rels/.rels
10:11:53.629 [main] DEBUG - using default POIXMLDocumentPart for http://schemas.openxmlformats.org/officeDocument/2006/relationships/printerSettings
10:12:08.311 [main] INFO  - Goto my account-->Click on Login.. 
10:12:08.822 [main] DEBUG - Parsing relationship: /xl/_rels/workbook.xml.rels
10:12:08.823 [main] DEBUG - Parsing relationship: /xl/worksheets/_rels/sheet1.xml.rels
10:12:08.824 [main] DEBUG - Parsing relationship: /_rels/.rels
10:12:08.837 [main] DEBUG - using default POIXMLDocumentPart for http://schemas.openxmlformats.org/officeDocument/2006/relationships/printerSettings
10:12:23.599 [main] INFO  - Goto my account-->Click on Login.. 
10:12:24.095 [main] DEBUG - Parsing relationship: /xl/_rels/workbook.xml.rels
10:12:24.096 [main] DEBUG - Parsing relationship: /xl/worksheets/_rels/sheet1.xml.rels
10:12:24.098 [main] DEBUG - Parsing relationship: /_rels/.rels
10:12:24.109 [main] DEBUG - using default POIXMLDocumentPart for http://schemas.openxmlformats.org/officeDocument/2006/relationships/printerSettings
10:12:38.787 [main] INFO  - Goto my account-->Click on Login.. 
10:12:39.290 [main] DEBUG - Parsing relationship: /xl/_rels/workbook.xml.rels
10:12:39.291 [main] DEBUG - Parsing relationship: /xl/worksheets/_rels/sheet1.xml.rels
10:12:39.294 [main] DEBUG - Parsing relationship: /_rels/.rels
10:12:39.305 [main] DEBUG - using default POIXMLDocumentPart for http://schemas.openxmlformats.org/officeDocument/2006/relationships/printerSettings
10:45:07.943 [main] INFO  - Goto my account-->Click on Login.. 
10:45:08.567 [main] INFO  - Entering email and password.. 
10:45:09.325 [main] INFO  - clicked on login button...
10:30:12.126 [main] INFO  - Goto my account-->Click on Login.. 
10:30:12.805 [main] INFO  - Entering email and password.. 
10:30:13.702 [main] INFO  - clicked on login button...
10:42:42.511 [main] INFO  - Goto my account-->Click on Login.. 
10:42:43.075 [main] INFO  - Entering email and password.. 
10:42:43.947 [main] INFO  - clicked on login button...
10:57:42.619 [main] INFO  - Goto my account-->Click on Login.. 
10:57:43.122 [main] INFO  - Entering email and password.. 
10:57:43.705 [main] INFO  - clicked on login button...
